<?xml version="1.0" encoding="UTF-8"?>
<testng-results ignored="0" total="1" passed="1" failed="0" skipped="0">
  <reporter-output>
  </reporter-output>
  <suite started-at="2025-09-16T15:51:32 IST" name="Default suite" finished-at="2025-09-16T15:51:52 IST" duration-ms="20278">
    <groups>
    </groups>
    <test started-at="2025-09-16T15:51:32 IST" name="Default test" finished-at="2025-09-16T15:51:52 IST" duration-ms="20278">
      <class name="tests.HomeTest">
        <test-method is-config="true" signature="setUp()[pri:0, instance:tests.HomeTest@59662a0b]" started-at="2025-09-16T15:51:32 IST" name="setUp" finished-at="2025-09-16T15:51:39 IST" duration-ms="6936" status="PASS">
          <reporter-output>
          </reporter-output>
        </test-method> <!-- setUp -->
        <test-method signature="SearchProduct()[pri:0, instance:tests.HomeTest@59662a0b]" started-at="2025-09-16T15:51:39 IST" name="SearchProduct" finished-at="2025-09-16T15:51:52 IST" duration-ms="12758" status="PASS">
          <reporter-output>
          </reporter-output>
        </test-method> <!-- SearchProduct -->
        <test-method is-config="true" signature="tearDown()[pri:0, instance:tests.HomeTest@59662a0b]" started-at="2025-09-16T15:51:52 IST" name="tearDown" finished-at="2025-09-16T15:51:52 IST" duration-ms="538" status="PASS">
          <reporter-output>
          </reporter-output>
        </test-method> <!-- tearDown -->
      </class> <!-- tests.HomeTest -->
    </test> <!-- Default test -->
  </suite> <!-- Default suite -->
</testng-results>
