<?xml version="1.0" encoding="UTF-8"?>
<testng-results ignored="0" total="1" passed="1" failed="0" skipped="0">
  <reporter-output>
  </reporter-output>
  <suite started-at="2025-09-23T15:17:15 IST" name="Default suite" finished-at="2025-09-23T15:17:41 IST" duration-ms="26500">
    <groups>
    </groups>
    <test started-at="2025-09-23T15:17:15 IST" name="Default test" finished-at="2025-09-23T15:17:41 IST" duration-ms="26500">
      <class name="tests.HomeTest">
        <test-method is-config="true" signature="setUp()[pri:0, instance:tests.HomeTest@9597028]" started-at="2025-09-23T15:17:15 IST" name="setUp" finished-at="2025-09-23T15:17:19 IST" duration-ms="4669" status="PASS">
          <reporter-output>
          </reporter-output>
        </test-method> <!-- setUp -->
        <test-method signature="SearchProduct()[pri:0, instance:tests.HomeTest@9597028]" started-at="2025-09-23T15:17:19 IST" name="SearchProduct" finished-at="2025-09-23T15:17:41 IST" duration-ms="21784" status="PASS">
          <reporter-output>
          </reporter-output>
        </test-method> <!-- SearchProduct -->
      </class> <!-- tests.HomeTest -->
    </test> <!-- Default test -->
  </suite> <!-- Default suite -->
</testng-results>
